<?xml version="1.0" encoding="UTF-8"?>
<!-- Generated by org.testng.reporters.JUnitReportReporter -->
<testsuite hostname="DESKTOP-TQOT31I" failures="0" tests="3" name="SmokeTest.Homepage" time="0.008" errors="0" timestamp="2023-02-20T17:42:38 IST" skipped="0">
  <testcase classname="SmokeTest.Homepage" name="verifyItems" time="0.003"/>
  <system-out/>
  <testcase classname="SmokeTest.Homepage" name="verifySearchButton" time="0.002"/>
  <system-out/>
  <testcase classname="SmokeTest.Homepage" name="verifySignInButton" time="0.003"/>
  <system-out/>
</testsuite> <!-- SmokeTest.Homepage -->
