<?xml version="1.0" encoding="UTF-8"?>
<!-- Generated by org.testng.reporters.JUnitReportReporter -->
<testsuite hostname="DESKTOP-TQOT31I" failures="0" tests="5" name="Retesting.Payment" time="0.013" errors="0" timestamp="2023-02-20T17:42:38 IST" skipped="0">
  <testcase classname="Retesting.Payment" name="verifyElectronicItemsPayment" time="0.002"/>
  <system-out/>
  <testcase classname="Retesting.Payment" name="verifyNetBanking" time="0.004"/>
  <system-out/>
  <testcase classname="Retesting.Payment" name="verifyCreditcardPayment" time="0.003"/>
  <system-out/>
  <testcase classname="Retesting.Payment" name="verifyDebitcardPayment" time="0.003"/>
  <system-out/>
  <testcase classname="Retesting.Payment" name="verifyUPIPayment" time="0.001"/>
  <system-out/>
</testsuite> <!-- Retesting.Payment -->
