<?xml version="1.0" encoding="UTF-8"?>
<!-- Generated by org.testng.reporters.JUnitReportReporter -->
<testsuite hostname="DESKTOP-TQOT31I" failures="0" tests="4" name="Retesting.Product" time="0.071" errors="0" timestamp="2023-02-20T17:42:38 IST" skipped="0">
  <testcase classname="Retesting.Product" name="verifyElectronicItems" time="0.063"/>
  <system-out/>
  <testcase classname="Retesting.Product" name="verifyGrocery" time="0.002"/>
  <system-out/>
  <testcase classname="Retesting.Product" name="verifyKitchenApplience" time="0.003"/>
  <system-out/>
  <testcase classname="Retesting.Product" name="verifyHomeDecor" time="0.003"/>
  <system-out/>
</testsuite> <!-- Retesting.Product -->
