<?xml version="1.0" encoding="UTF-8"?>
<!-- Generated by org.testng.reporters.JUnitReportReporter -->
<testsuite hostname="DESKTOP-TQOT31I" failures="0" tests="2" name="SmokeTest.Login" time="0.000" errors="0" timestamp="2023-02-20T17:49:04 IST" skipped="0">
  <testcase classname="SmokeTest.Login" name="verifyLoginWithMobile" time="0.000"/>
  <system-out/>
  <testcase classname="SmokeTest.Login" name="verifyLoginWithEmail" time="0.000"/>
  <system-out/>
</testsuite> <!-- SmokeTest.Login -->
